--------------------- RUN 1 ------------------------ 

PS C:\Users\arsew\OneDrive\Desktop\8 Sem\NLU\B22AI010_A1> python B22AI010_prob1.py
--- Reggy++ Chatbot (CSL 7640) ---
Reggy++: Hi there! What is your full name?
>> Bhagwan Arsewad
Reggy++: Nice to meet you, Mr./Ms. Arsewad!
Reggy++: So Arsewad, when is your birthday? (e.g., 25-08-2004 or 25 Aug 2004)
>> 25 aug 2004
Reggy++: Wow, so you are 21 years old!
Reggy++: How are you feeling today?
>> I am feeling happy
Reggy++: That's wonderful! Stay positive.
Reggy++: It was nice chatting with you! Goodbye.


--------------------- RUN 2 ------------------------

PS C:\Users\arsew\OneDrive\Desktop\8 Sem\NLU\B22AI010_A1> python B22AI010_prob1.py
--- Reggy++ Chatbot (CSL 7640) ---
Reggy++: Hi there! What is your full name?
>> Arsewad Bhagwan
Reggy++: Nice to meet you, Mr./Ms. Bhagwan!
Reggy++: So Bhagwan, when is your birthday? (e.g., 25-08-2004 or 25 Aug 2004)
>> August 25 2004
Reggy++: Wow, so you are 21 years old!
Reggy++: How are you feeling today?
>> feeling sooooo haapy
Reggy++: That's wonderful! Stay positive.
Reggy++: It was nice chatting with you! Goodbye.


--------------------- RUN 3 ------------------------

PS C:\Users\arsew\OneDrive\Desktop\8 Sem\NLU\B22AI010_A1> python B22AI010_prob1.py
--- Reggy++ Chatbot (CSL 7640) ---
Reggy++: Hi there! What is your full name? 
>> B22AI010 Student
Reggy++: Nice to meet you, Mr./Ms. Student!
Reggy++: So Student, when is your birthday? (e.g., 25-08-2004 or 25 Aug 2004)
>> 25 Aug 04
Reggy++: Wow, so you are 21 years old!
Reggy++: How are you feeling today?
>> i am very sssad
Reggy++: I'm sorry to hear that. I hope your day gets better.
Reggy++: It was nice chatting with you! Goodbye.


--------------------- RUN 4 ------------------------

PS C:\Users\arsew\OneDrive\Desktop\8 Sem\NLU\B22AI010_A1> python B22AI010_prob1.py
--- Reggy++ Chatbot (CSL 7640) ---
Reggy++: Hi there! What is your full name? 
>> Bhagwan
Reggy++: Nice to meet you, Mr./Ms. Friend!
Reggy++: So Friend, when is your birthday? (e.g., 25-08-2004 or 25 Aug 2004)
>> On a rainy Sunday in 2004
Reggy++: Hmm, that date format is a bit tricky for me, but I'll try to remember it.
Reggy++: How are you feeling today?
>> i am not happy
Reggy++: That's wonderful! Stay positive.
Reggy++: It was nice chatting with you! Goodbye.
